<?xml version="1.0" encoding="UTF-8"?>
<!-- Generated by org.testng.reporters.JUnitReportReporter -->
<testsuite hostname="DESKTOP-MLOMP2I" failures="0" tests="2" name="practice.AddToCartTest" time="0.037" errors="0" timestamp="2022-09-13T23:57:14 IST" skipped="0">
  <testcase classname="practice.AddToCartTest" name="addToCartTest" time="0.028"/>
  <system-out/>
  <testcase classname="practice.AddToCartTest" name="removeFromCartTest" time="0.009"/>
  <system-out/>
</testsuite> <!-- practice.AddToCartTest -->
