<?xml version="1.0" encoding="UTF-8"?>
<!-- Generated by org.testng.reporters.JUnitReportReporter -->
<<<<<<< HEAD
<testsuite hostname="DESKTOP-MLOMP2I" failures="0" tests="2" name="practice.AddToCartTest" time="0.049" errors="0" timestamp="2022-09-14T00:30:24 IST" skipped="0">
  <testcase classname="practice.AddToCartTest" name="addToCartTest" time="0.043"/>
=======
<testsuite hostname="DESKTOP-MLOMP2I" failures="0" tests="2" name="practice.AddToCartTest" time="0.041" errors="0" timestamp="2022-09-14T00:22:10 IST" skipped="0">
  <testcase classname="practice.AddToCartTest" name="addToCartTest" time="0.026"/>
>>>>>>> branch 'master' of https://github.com/aparnasrikanth/QspCartAutomationFramework.git
  <system-out/>
<<<<<<< HEAD
  <testcase classname="practice.AddToCartTest" name="removeFromCartTest" time="0.006"/>
=======
  <testcase classname="practice.AddToCartTest" name="removeFromCartTest" time="0.015"/>
>>>>>>> branch 'master' of https://github.com/aparnasrikanth/QspCartAutomationFramework.git
  <system-out/>
</testsuite> <!-- practice.AddToCartTest -->
