<?xml version="1.0" encoding="UTF-8"?>
<!-- Generated by org.testng.reporters.JUnitReportReporter -->
<testsuite hostname="DESKTOP-MLOMP2I" failures="0" tests="2" name="practice.AddToCartTest" time="0.028" errors="0" timestamp="2022-09-14T08:41:51 IST" skipped="0">
  <testcase classname="practice.AddToCartTest" name="addToCartTest" time="0.021"/>
  <system-out/>
  <testcase classname="practice.AddToCartTest" name="removeFromCartTest" time="0.007"/>
  <system-out/>
</testsuite> <!-- practice.AddToCartTest -->
