<?xml version="1.0" encoding="UTF-8"?>
<!-- Generated by org.testng.reporters.JUnitReportReporter -->
<<<<<<< HEAD
<testsuite hostname="DESKTOP-MLOMP2I" failures="0" tests="2" name="practice.AddToCartTest" time="0.034" errors="0" timestamp="2022-09-14T01:10:47 IST" skipped="0">
  <testcase classname="practice.AddToCartTest" name="addToCartTest" time="0.026"/>
=======
<testsuite hostname="DESKTOP-MLOMP2I" failures="0" tests="2" name="practice.AddToCartTest" time="0.030" errors="0" timestamp="2022-09-14T01:06:33 IST" skipped="0">
  <testcase classname="practice.AddToCartTest" name="removeFromCartTest" time="0.008"/>
>>>>>>> branch 'master' of https://github.com/aparnasrikanth/QspCartAutomationFramework.git
  <system-out/>
<<<<<<< HEAD
  <testcase classname="practice.AddToCartTest" name="removeFromCartTest" time="0.008"/>
=======
  <testcase classname="practice.AddToCartTest" name="addToCartTest" time="0.022"/>
>>>>>>> branch 'master' of https://github.com/aparnasrikanth/QspCartAutomationFramework.git
  <system-out/>
</testsuite> <!-- practice.AddToCartTest -->
