<?xml version="1.0" encoding="UTF-8"?>
<!-- Generated by org.testng.reporters.JUnitReportReporter -->
<testsuite hostname="DESKTOP-MLOMP2I" failures="0" tests="2" name="practice.AddToCartTest" time="0.030" errors="0" timestamp="2022-09-14T01:06:33 IST" skipped="0">
  <testcase classname="practice.AddToCartTest" name="removeFromCartTest" time="0.008"/>
  <system-out/>
  <testcase classname="practice.AddToCartTest" name="addToCartTest" time="0.022"/>
  <system-out/>
</testsuite> <!-- practice.AddToCartTest -->
